{"C:\\Users\\Ansh\\Documents\\programming\\Js_Programs\\Methods\\ArrayMethods\\accessor_methods.js": {"path":"C:\\Users\\Ansh\\Documents\\programming\\Js_Programs\\Methods\\ArrayMethods\\accessor_methods.js","statementMap":{"0":{"start":{"line":3,"column":8},"end":{"line":5,"column":9}},"1":{"start":{"line":3,"column":18},"end":{"line":3,"column":19}},"2":{"start":{"line":4,"column":12},"end":{"line":4,"column":33}},"3":{"start":{"line":6,"column":8},"end":{"line":6,"column":37}},"4":{"start":{"line":9,"column":8},"end":{"line":10,"column":32}},"5":{"start":{"line":10,"column":12},"end":{"line":10,"column":32}},"6":{"start":{"line":11,"column":8},"end":{"line":12,"column":55}},"7":{"start":{"line":12,"column":12},"end":{"line":12,"column":55}},"8":{"start":{"line":13,"column":19},"end":{"line":13,"column":21}},"9":{"start":{"line":14,"column":8},"end":{"line":19,"column":9}},"10":{"start":{"line":14,"column":18},"end":{"line":14,"column":19}},"11":{"start":{"line":15,"column":12},"end":{"line":18,"column":33}},"12":{"start":{"line":16,"column":16},"end":{"line":16,"column":31}},"13":{"start":{"line":18,"column":16},"end":{"line":18,"column":33}},"14":{"start":{"line":20,"column":8},"end":{"line":20,"column":19}},"15":{"start":{"line":24,"column":20},"end":{"line":24,"column":22}},"16":{"start":{"line":25,"column":8},"end":{"line":27,"column":9}},"17":{"start":{"line":25,"column":18},"end":{"line":25,"column":19}},"18":{"start":{"line":26,"column":12},"end":{"line":26,"column":33}},"19":{"start":{"line":28,"column":8},"end":{"line":30,"column":9}},"20":{"start":{"line":28,"column":18},"end":{"line":28,"column":19}},"21":{"start":{"line":29,"column":12},"end":{"line":29,"column":32}},"22":{"start":{"line":31,"column":8},"end":{"line":31,"column":22}},"23":{"start":{"line":35,"column":8},"end":{"line":40,"column":34}},"24":{"start":{"line":36,"column":12},"end":{"line":36,"column":28}},"25":{"start":{"line":37,"column":13},"end":{"line":40,"column":34}},"26":{"start":{"line":38,"column":12},"end":{"line":38,"column":19}},"27":{"start":{"line":39,"column":13},"end":{"line":40,"column":34}},"28":{"start":{"line":40,"column":12},"end":{"line":40,"column":34}},"29":{"start":{"line":41,"column":8},"end":{"line":47,"column":22}},"30":{"start":{"line":42,"column":12},"end":{"line":42,"column":21}},"31":{"start":{"line":43,"column":13},"end":{"line":47,"column":22}},"32":{"start":{"line":44,"column":12},"end":{"line":44,"column":38}},"33":{"start":{"line":45,"column":13},"end":{"line":47,"column":22}},"34":{"start":{"line":46,"column":8},"end":{"line":47,"column":22}},"35":{"start":{"line":47,"column":12},"end":{"line":47,"column":22}},"36":{"start":{"line":48,"column":16},"end":{"line":48,"column":18}},"37":{"start":{"line":49,"column":8},"end":{"line":51,"column":9}},"38":{"start":{"line":50,"column":12},"end":{"line":50,"column":36}},"39":{"start":{"line":52,"column":8},"end":{"line":52,"column":19}},"40":{"start":{"line":56,"column":8},"end":{"line":57,"column":21}},"41":{"start":{"line":57,"column":12},"end":{"line":57,"column":21}},"42":{"start":{"line":58,"column":8},"end":{"line":61,"column":9}},"43":{"start":{"line":58,"column":19},"end":{"line":58,"column":24}},"44":{"start":{"line":59,"column":12},"end":{"line":60,"column":25}},"45":{"start":{"line":60,"column":16},"end":{"line":60,"column":25}},"46":{"start":{"line":62,"column":8},"end":{"line":62,"column":18}},"47":{"start":{"line":66,"column":8},"end":{"line":67,"column":33}},"48":{"start":{"line":67,"column":12},"end":{"line":67,"column":33}},"49":{"start":{"line":68,"column":8},"end":{"line":71,"column":9}},"50":{"start":{"line":68,"column":19},"end":{"line":68,"column":24}},"51":{"start":{"line":69,"column":12},"end":{"line":70,"column":25}},"52":{"start":{"line":70,"column":16},"end":{"line":70,"column":25}},"53":{"start":{"line":72,"column":8},"end":{"line":72,"column":18}},"54":{"start":{"line":76,"column":8},"end":{"line":77,"column":24}},"55":{"start":{"line":77,"column":12},"end":{"line":77,"column":24}},"56":{"start":{"line":78,"column":16},"end":{"line":78,"column":18}},"57":{"start":{"line":79,"column":8},"end":{"line":83,"column":9}},"58":{"start":{"line":79,"column":18},"end":{"line":79,"column":19}},"59":{"start":{"line":80,"column":12},"end":{"line":80,"column":26}},"60":{"start":{"line":81,"column":12},"end":{"line":82,"column":29}},"61":{"start":{"line":82,"column":16},"end":{"line":82,"column":29}},"62":{"start":{"line":84,"column":8},"end":{"line":84,"column":19}},"63":{"start":{"line":88,"column":8},"end":{"line":91,"column":9}},"64":{"start":{"line":88,"column":18},"end":{"line":88,"column":19}},"65":{"start":{"line":89,"column":12},"end":{"line":90,"column":28}},"66":{"start":{"line":90,"column":16},"end":{"line":90,"column":28}},"67":{"start":{"line":92,"column":8},"end":{"line":92,"column":21}},"68":{"start":{"line":116,"column":16},"end":{"line":116,"column":18}},"69":{"start":{"line":117,"column":18},"end":{"line":117,"column":20}},"70":{"start":{"line":118,"column":8},"end":{"line":119,"column":30}},"71":{"start":{"line":118,"column":18},"end":{"line":118,"column":19}},"72":{"start":{"line":119,"column":12},"end":{"line":119,"column":30}},"73":{"start":{"line":120,"column":8},"end":{"line":129,"column":9}},"74":{"start":{"line":121,"column":12},"end":{"line":128,"column":13}},"75":{"start":{"line":122,"column":16},"end":{"line":122,"column":39}},"76":{"start":{"line":125,"column":33},"end":{"line":125,"column":45}},"77":{"start":{"line":126,"column":16},"end":{"line":127,"column":51}},"78":{"start":{"line":127,"column":20},"end":{"line":127,"column":51}},"79":{"start":{"line":130,"column":8},"end":{"line":130,"column":19}},"80":{"start":{"line":134,"column":17},"end":{"line":134,"column":19}},"81":{"start":{"line":135,"column":8},"end":{"line":137,"column":9}},"82":{"start":{"line":135,"column":18},"end":{"line":135,"column":19}},"83":{"start":{"line":136,"column":12},"end":{"line":136,"column":51}},"84":{"start":{"line":138,"column":16},"end":{"line":138,"column":18}},"85":{"start":{"line":139,"column":8},"end":{"line":146,"column":9}},"86":{"start":{"line":139,"column":18},"end":{"line":139,"column":19}},"87":{"start":{"line":140,"column":12},"end":{"line":145,"column":34}},"88":{"start":{"line":141,"column":16},"end":{"line":142,"column":40}},"89":{"start":{"line":141,"column":26},"end":{"line":141,"column":27}},"90":{"start":{"line":142,"column":20},"end":{"line":142,"column":40}},"91":{"start":{"line":145,"column":16},"end":{"line":145,"column":34}},"92":{"start":{"line":147,"column":8},"end":{"line":147,"column":19}},"93":{"start":{"line":151,"column":16},"end":{"line":151,"column":18}},"94":{"start":{"line":152,"column":8},"end":{"line":154,"column":9}},"95":{"start":{"line":152,"column":19},"end":{"line":152,"column":32}},"96":{"start":{"line":153,"column":12},"end":{"line":153,"column":30}},"97":{"start":{"line":155,"column":8},"end":{"line":155,"column":19}},"98":{"start":{"line":159,"column":16},"end":{"line":159,"column":18}},"99":{"start":{"line":160,"column":8},"end":{"line":161,"column":30}},"100":{"start":{"line":160,"column":18},"end":{"line":160,"column":19}},"101":{"start":{"line":161,"column":12},"end":{"line":161,"column":30}},"102":{"start":{"line":163,"column":8},"end":{"line":171,"column":9}},"103":{"start":{"line":163,"column":18},"end":{"line":163,"column":19}},"104":{"start":{"line":164,"column":21},"end":{"line":164,"column":27}},"105":{"start":{"line":165,"column":18},"end":{"line":165,"column":21}},"106":{"start":{"line":166,"column":12},"end":{"line":169,"column":13}},"107":{"start":{"line":167,"column":16},"end":{"line":167,"column":33}},"108":{"start":{"line":168,"column":16},"end":{"line":168,"column":20}},"109":{"start":{"line":170,"column":12},"end":{"line":170,"column":26}},"110":{"start":{"line":172,"column":8},"end":{"line":172,"column":19}},"111":{"start":{"line":176,"column":16},"end":{"line":176,"column":18}},"112":{"start":{"line":177,"column":8},"end":{"line":178,"column":30}},"113":{"start":{"line":177,"column":18},"end":{"line":177,"column":19}},"114":{"start":{"line":178,"column":12},"end":{"line":178,"column":30}},"115":{"start":{"line":179,"column":8},"end":{"line":180,"column":34}},"116":{"start":{"line":179,"column":18},"end":{"line":179,"column":19}},"117":{"start":{"line":180,"column":12},"end":{"line":180,"column":34}},"118":{"start":{"line":181,"column":8},"end":{"line":182,"column":30}},"119":{"start":{"line":181,"column":18},"end":{"line":181,"column":35}},"120":{"start":{"line":182,"column":12},"end":{"line":182,"column":30}},"121":{"start":{"line":183,"column":8},"end":{"line":183,"column":19}},"122":{"start":{"line":251,"column":0},"end":{"line":251,"column":30}}},"fnMap":{"0":{"name":"(anonymous_0)","decl":{"start":{"line":2,"column":4},"end":{"line":2,"column":5}},"loc":{"start":{"line":2,"column":28},"end":{"line":7,"column":5}},"line":2},"1":{"name":"(anonymous_1)","decl":{"start":{"line":8,"column":4},"end":{"line":8,"column":5}},"loc":{"start":{"line":8,"column":22},"end":{"line":21,"column":5}},"line":8},"2":{"name":"(anonymous_2)","decl":{"start":{"line":23,"column":4},"end":{"line":23,"column":5}},"loc":{"start":{"line":23,"column":15},"end":{"line":32,"column":5}},"line":23},"3":{"name":"(anonymous_3)","decl":{"start":{"line":34,"column":4},"end":{"line":34,"column":5}},"loc":{"start":{"line":34,"column":21},"end":{"line":53,"column":5}},"line":34},"4":{"name":"(anonymous_4)","decl":{"start":{"line":55,"column":4},"end":{"line":55,"column":5}},"loc":{"start":{"line":55,"column":25},"end":{"line":63,"column":5}},"line":55},"5":{"name":"(anonymous_5)","decl":{"start":{"line":65,"column":4},"end":{"line":65,"column":5}},"loc":{"start":{"line":65,"column":29},"end":{"line":73,"column":5}},"line":65},"6":{"name":"(anonymous_6)","decl":{"start":{"line":75,"column":4},"end":{"line":75,"column":5}},"loc":{"start":{"line":75,"column":16},"end":{"line":85,"column":5}},"line":75},"7":{"name":"(anonymous_7)","decl":{"start":{"line":87,"column":4},"end":{"line":87,"column":5}},"loc":{"start":{"line":87,"column":19},"end":{"line":93,"column":5}},"line":87},"8":{"name":"(anonymous_8)","decl":{"start":{"line":115,"column":4},"end":{"line":115,"column":5}},"loc":{"start":{"line":115,"column":10},"end":{"line":131,"column":5}},"line":115},"9":{"name":"(anonymous_9)","decl":{"start":{"line":133,"column":4},"end":{"line":133,"column":5}},"loc":{"start":{"line":133,"column":23},"end":{"line":148,"column":5}},"line":133},"10":{"name":"(anonymous_10)","decl":{"start":{"line":150,"column":4},"end":{"line":150,"column":5}},"loc":{"start":{"line":150,"column":16},"end":{"line":156,"column":5}},"line":150},"11":{"name":"(anonymous_11)","decl":{"start":{"line":158,"column":4},"end":{"line":158,"column":5}},"loc":{"start":{"line":158,"column":14},"end":{"line":173,"column":5}},"line":158},"12":{"name":"(anonymous_12)","decl":{"start":{"line":175,"column":4},"end":{"line":175,"column":5}},"loc":{"start":{"line":175,"column":46},"end":{"line":184,"column":5}},"line":175}},"branchMap":{"0":{"loc":{"start":{"line":9,"column":8},"end":{"line":10,"column":32}},"type":"if","locations":[{"start":{"line":9,"column":8},"end":{"line":10,"column":32}},{"start":{},"end":{}}],"line":9},"1":{"loc":{"start":{"line":9,"column":11},"end":{"line":9,"column":45}},"type":"binary-expr","locations":[{"start":{"line":9,"column":11},"end":{"line":9,"column":32}},{"start":{"line":9,"column":36},"end":{"line":9,"column":45}}],"line":9},"2":{"loc":{"start":{"line":11,"column":8},"end":{"line":12,"column":55}},"type":"if","locations":[{"start":{"line":11,"column":8},"end":{"line":12,"column":55}},{"start":{},"end":{}}],"line":11},"3":{"loc":{"start":{"line":11,"column":11},"end":{"line":11,"column":55}},"type":"binary-expr","locations":[{"start":{"line":11,"column":11},"end":{"line":11,"column":31}},{"start":{"line":11,"column":35},"end":{"line":11,"column":55}}],"line":11},"4":{"loc":{"start":{"line":15,"column":12},"end":{"line":18,"column":33}},"type":"if","locations":[{"start":{"line":15,"column":12},"end":{"line":18,"column":33}},{"start":{"line":18,"column":16},"end":{"line":18,"column":33}}],"line":15},"5":{"loc":{"start":{"line":35,"column":8},"end":{"line":40,"column":34}},"type":"if","locations":[{"start":{"line":35,"column":8},"end":{"line":40,"column":34}},{"start":{"line":37,"column":13},"end":{"line":40,"column":34}}],"line":35},"6":{"loc":{"start":{"line":35,"column":11},"end":{"line":35,"column":36}},"type":"binary-expr","locations":[{"start":{"line":35,"column":11},"end":{"line":35,"column":15}},{"start":{"line":35,"column":19},"end":{"line":35,"column":36}}],"line":35},"7":{"loc":{"start":{"line":37,"column":13},"end":{"line":40,"column":34}},"type":"if","locations":[{"start":{"line":37,"column":13},"end":{"line":40,"column":34}},{"start":{"line":39,"column":13},"end":{"line":40,"column":34}}],"line":37},"8":{"loc":{"start":{"line":39,"column":13},"end":{"line":40,"column":34}},"type":"if","locations":[{"start":{"line":39,"column":13},"end":{"line":40,"column":34}},{"start":{},"end":{}}],"line":39},"9":{"loc":{"start":{"line":41,"column":8},"end":{"line":47,"column":22}},"type":"if","locations":[{"start":{"line":41,"column":8},"end":{"line":47,"column":22}},{"start":{"line":43,"column":13},"end":{"line":47,"column":22}}],"line":41},"10":{"loc":{"start":{"line":41,"column":11},"end":{"line":41,"column":41}},"type":"binary-expr","locations":[{"start":{"line":41,"column":11},"end":{"line":41,"column":17}},{"start":{"line":41,"column":21},"end":{"line":41,"column":41}}],"line":41},"11":{"loc":{"start":{"line":43,"column":13},"end":{"line":47,"column":22}},"type":"if","locations":[{"start":{"line":43,"column":13},"end":{"line":47,"column":22}},{"start":{"line":45,"column":13},"end":{"line":47,"column":22}}],"line":43},"12":{"loc":{"start":{"line":45,"column":13},"end":{"line":47,"column":22}},"type":"if","locations":[{"start":{"line":45,"column":13},"end":{"line":47,"column":22}},{"start":{},"end":{}}],"line":45},"13":{"loc":{"start":{"line":46,"column":8},"end":{"line":47,"column":22}},"type":"if","locations":[{"start":{"line":46,"column":8},"end":{"line":47,"column":22}},{"start":{},"end":{}}],"line":46},"14":{"loc":{"start":{"line":46,"column":11},"end":{"line":46,"column":47}},"type":"binary-expr","locations":[{"start":{"line":46,"column":11},"end":{"line":46,"column":23}},{"start":{"line":46,"column":27},"end":{"line":46,"column":47}}],"line":46},"15":{"loc":{"start":{"line":56,"column":8},"end":{"line":57,"column":21}},"type":"if","locations":[{"start":{"line":56,"column":8},"end":{"line":57,"column":21}},{"start":{},"end":{}}],"line":56},"16":{"loc":{"start":{"line":59,"column":12},"end":{"line":60,"column":25}},"type":"if","locations":[{"start":{"line":59,"column":12},"end":{"line":60,"column":25}},{"start":{},"end":{}}],"line":59},"17":{"loc":{"start":{"line":66,"column":8},"end":{"line":67,"column":33}},"type":"if","locations":[{"start":{"line":66,"column":8},"end":{"line":67,"column":33}},{"start":{},"end":{}}],"line":66},"18":{"loc":{"start":{"line":69,"column":12},"end":{"line":70,"column":25}},"type":"if","locations":[{"start":{"line":69,"column":12},"end":{"line":70,"column":25}},{"start":{},"end":{}}],"line":69},"19":{"loc":{"start":{"line":76,"column":8},"end":{"line":77,"column":24}},"type":"if","locations":[{"start":{"line":76,"column":8},"end":{"line":77,"column":24}},{"start":{},"end":{}}],"line":76},"20":{"loc":{"start":{"line":81,"column":12},"end":{"line":82,"column":29}},"type":"if","locations":[{"start":{"line":81,"column":12},"end":{"line":82,"column":29}},{"start":{},"end":{}}],"line":81},"21":{"loc":{"start":{"line":89,"column":12},"end":{"line":90,"column":28}},"type":"if","locations":[{"start":{"line":89,"column":12},"end":{"line":90,"column":28}},{"start":{},"end":{}}],"line":89},"22":{"loc":{"start":{"line":121,"column":12},"end":{"line":128,"column":13}},"type":"if","locations":[{"start":{"line":121,"column":12},"end":{"line":128,"column":13}},{"start":{"line":124,"column":16},"end":{"line":128,"column":13}}],"line":121},"23":{"loc":{"start":{"line":140,"column":12},"end":{"line":145,"column":34}},"type":"if","locations":[{"start":{"line":140,"column":12},"end":{"line":145,"column":34}},{"start":{"line":145,"column":16},"end":{"line":145,"column":34}}],"line":140},"24":{"loc":{"start":{"line":166,"column":19},"end":{"line":166,"column":42}},"type":"binary-expr","locations":[{"start":{"line":166,"column":19},"end":{"line":166,"column":32}},{"start":{"line":166,"column":36},"end":{"line":166,"column":42}}],"line":166}},"s":{"0":228,"1":228,"2":1292,"3":228,"4":7,"5":1,"6":7,"7":2,"8":5,"9":5,"10":5,"11":30,"12":5,"13":25,"14":5,"15":1,"16":1,"17":1,"18":6,"19":1,"20":1,"21":3,"22":1,"23":9,"24":3,"25":6,"26":1,"27":5,"28":2,"29":9,"30":1,"31":8,"32":2,"33":6,"34":1,"35":1,"36":8,"37":8,"38":21,"39":8,"40":4,"41":4,"42":4,"43":4,"44":16,"45":3,"46":1,"47":5,"48":5,"49":5,"50":5,"51":22,"52":4,"53":1,"54":3,"55":1,"56":3,"57":3,"58":3,"59":18,"60":18,"61":15,"62":3,"63":4,"64":4,"65":19,"66":2,"67":2,"68":1,"69":1,"70":1,"71":1,"72":1,"73":1,"74":19,"75":11,"76":8,"77":8,"78":18,"79":1,"80":1,"81":1,"82":1,"83":4,"84":1,"85":1,"86":1,"87":4,"88":3,"89":3,"90":6,"91":1,"92":1,"93":1,"94":1,"95":1,"96":6,"97":1,"98":1,"99":1,"100":1,"101":8,"102":1,"103":1,"104":7,"105":7,"106":7,"107":17,"108":17,"109":7,"110":1,"111":1,"112":1,"113":1,"114":2,"115":1,"116":1,"117":3,"118":1,"119":1,"120":2,"121":1,"122":1},"f":{"0":228,"1":7,"2":1,"3":9,"4":4,"5":5,"6":3,"7":4,"8":1,"9":1,"10":1,"11":1,"12":1},"b":{"0":[1,6],"1":[7,6],"2":[2,5],"3":[7,6],"4":[5,25],"5":[3,6],"6":[9,6],"7":[1,5],"8":[2,3],"9":[1,8],"10":[9,8],"11":[2,6],"12":[1,5],"13":[1,0],"14":[1,0],"15":[4,0],"16":[3,13],"17":[5,0],"18":[4,18],"19":[1,2],"20":[15,3],"21":[2,17],"22":[11,8],"23":[3,1],"24":[24,17]},"_coverageSchema":"1a1c01bbd47fc00a2c39e90264f33305004495a9","hash":"ae6d6735a31638ad0f9df0cbd142d316bae2c2dc"}
,"C:\\Users\\Ansh\\Documents\\programming\\Js_Programs\\Methods\\ArrayMethods\\iteration_methods.js": {"path":"C:\\Users\\Ansh\\Documents\\programming\\Js_Programs\\Methods\\ArrayMethods\\iteration_methods.js","statementMap":{"0":{"start":{"line":3,"column":8},"end":{"line":5,"column":9}},"1":{"start":{"line":3,"column":18},"end":{"line":3,"column":19}},"2":{"start":{"line":4,"column":12},"end":{"line":4,"column":33}},"3":{"start":{"line":6,"column":8},"end":{"line":6,"column":37}},"4":{"start":{"line":9,"column":8},"end":{"line":11,"column":9}},"5":{"start":{"line":9,"column":18},"end":{"line":9,"column":19}},"6":{"start":{"line":10,"column":12},"end":{"line":10,"column":41}},"7":{"start":{"line":15,"column":16},"end":{"line":15,"column":18}},"8":{"start":{"line":16,"column":8},"end":{"line":18,"column":9}},"9":{"start":{"line":16,"column":18},"end":{"line":16,"column":19}},"10":{"start":{"line":17,"column":12},"end":{"line":17,"column":51}},"11":{"start":{"line":19,"column":8},"end":{"line":19,"column":19}},"12":{"start":{"line":23,"column":16},"end":{"line":23,"column":18}},"13":{"start":{"line":24,"column":8},"end":{"line":27,"column":9}},"14":{"start":{"line":24,"column":18},"end":{"line":24,"column":19}},"15":{"start":{"line":25,"column":12},"end":{"line":26,"column":34}},"16":{"start":{"line":26,"column":16},"end":{"line":26,"column":34}},"17":{"start":{"line":28,"column":8},"end":{"line":28,"column":19}},"18":{"start":{"line":32,"column":19},"end":{"line":32,"column":26}},"19":{"start":{"line":33,"column":8},"end":{"line":35,"column":9}},"20":{"start":{"line":33,"column":18},"end":{"line":33,"column":19}},"21":{"start":{"line":34,"column":12},"end":{"line":34,"column":55}},"22":{"start":{"line":36,"column":8},"end":{"line":36,"column":21}},"23":{"start":{"line":40,"column":19},"end":{"line":40,"column":38}},"24":{"start":{"line":41,"column":8},"end":{"line":43,"column":9}},"25":{"start":{"line":41,"column":19},"end":{"line":41,"column":32}},"26":{"start":{"line":42,"column":12},"end":{"line":42,"column":55}},"27":{"start":{"line":44,"column":8},"end":{"line":44,"column":21}},"28":{"start":{"line":48,"column":8},"end":{"line":51,"column":9}},"29":{"start":{"line":48,"column":18},"end":{"line":48,"column":19}},"30":{"start":{"line":49,"column":12},"end":{"line":50,"column":31}},"31":{"start":{"line":50,"column":16},"end":{"line":50,"column":31}},"32":{"start":{"line":52,"column":8},"end":{"line":52,"column":25}},"33":{"start":{"line":56,"column":8},"end":{"line":59,"column":9}},"34":{"start":{"line":56,"column":18},"end":{"line":56,"column":19}},"35":{"start":{"line":57,"column":12},"end":{"line":58,"column":25}},"36":{"start":{"line":58,"column":16},"end":{"line":58,"column":25}},"37":{"start":{"line":60,"column":8},"end":{"line":60,"column":18}},"38":{"start":{"line":64,"column":31},"end":{"line":64,"column":40}},"39":{"start":{"line":65,"column":8},"end":{"line":68,"column":9}},"40":{"start":{"line":65,"column":18},"end":{"line":65,"column":19}},"41":{"start":{"line":66,"column":12},"end":{"line":67,"column":43}},"42":{"start":{"line":67,"column":16},"end":{"line":67,"column":43}},"43":{"start":{"line":69,"column":8},"end":{"line":69,"column":33}},"44":{"start":{"line":73,"column":36},"end":{"line":73,"column":38}},"45":{"start":{"line":74,"column":8},"end":{"line":77,"column":9}},"46":{"start":{"line":74,"column":18},"end":{"line":74,"column":19}},"47":{"start":{"line":75,"column":12},"end":{"line":76,"column":42}},"48":{"start":{"line":76,"column":16},"end":{"line":76,"column":42}},"49":{"start":{"line":78,"column":8},"end":{"line":78,"column":38}},"50":{"start":{"line":82,"column":8},"end":{"line":85,"column":9}},"51":{"start":{"line":82,"column":18},"end":{"line":82,"column":19}},"52":{"start":{"line":83,"column":12},"end":{"line":84,"column":28}},"53":{"start":{"line":84,"column":16},"end":{"line":84,"column":28}},"54":{"start":{"line":86,"column":8},"end":{"line":86,"column":21}},"55":{"start":{"line":90,"column":8},"end":{"line":93,"column":9}},"56":{"start":{"line":90,"column":18},"end":{"line":90,"column":19}},"57":{"start":{"line":91,"column":12},"end":{"line":92,"column":29}},"58":{"start":{"line":92,"column":16},"end":{"line":92,"column":29}},"59":{"start":{"line":94,"column":8},"end":{"line":94,"column":20}},"60":{"start":{"line":139,"column":0},"end":{"line":139,"column":31}}},"fnMap":{"0":{"name":"(anonymous_0)","decl":{"start":{"line":2,"column":4},"end":{"line":2,"column":5}},"loc":{"start":{"line":2,"column":28},"end":{"line":7,"column":5}},"line":2},"1":{"name":"(anonymous_1)","decl":{"start":{"line":8,"column":4},"end":{"line":8,"column":5}},"loc":{"start":{"line":8,"column":23},"end":{"line":12,"column":5}},"line":8},"2":{"name":"(anonymous_2)","decl":{"start":{"line":14,"column":4},"end":{"line":14,"column":5}},"loc":{"start":{"line":14,"column":19},"end":{"line":20,"column":5}},"line":14},"3":{"name":"(anonymous_3)","decl":{"start":{"line":22,"column":4},"end":{"line":22,"column":5}},"loc":{"start":{"line":22,"column":22},"end":{"line":29,"column":5}},"line":22},"4":{"name":"(anonymous_4)","decl":{"start":{"line":31,"column":4},"end":{"line":31,"column":5}},"loc":{"start":{"line":31,"column":22},"end":{"line":37,"column":5}},"line":31},"5":{"name":"(anonymous_5)","decl":{"start":{"line":39,"column":4},"end":{"line":39,"column":5}},"loc":{"start":{"line":39,"column":27},"end":{"line":45,"column":5}},"line":39},"6":{"name":"(anonymous_6)","decl":{"start":{"line":47,"column":4},"end":{"line":47,"column":5}},"loc":{"start":{"line":47,"column":20},"end":{"line":53,"column":5}},"line":47},"7":{"name":"(anonymous_7)","decl":{"start":{"line":55,"column":4},"end":{"line":55,"column":5}},"loc":{"start":{"line":55,"column":25},"end":{"line":61,"column":5}},"line":55},"8":{"name":"(anonymous_8)","decl":{"start":{"line":63,"column":4},"end":{"line":63,"column":5}},"loc":{"start":{"line":63,"column":24},"end":{"line":70,"column":5}},"line":63},"9":{"name":"(anonymous_9)","decl":{"start":{"line":72,"column":4},"end":{"line":72,"column":5}},"loc":{"start":{"line":72,"column":29},"end":{"line":79,"column":5}},"line":72},"10":{"name":"(anonymous_10)","decl":{"start":{"line":81,"column":4},"end":{"line":81,"column":5}},"loc":{"start":{"line":81,"column":20},"end":{"line":87,"column":5}},"line":81},"11":{"name":"(anonymous_11)","decl":{"start":{"line":89,"column":4},"end":{"line":89,"column":5}},"loc":{"start":{"line":89,"column":21},"end":{"line":95,"column":5}},"line":89}},"branchMap":{"0":{"loc":{"start":{"line":25,"column":12},"end":{"line":26,"column":34}},"type":"if","locations":[{"start":{"line":25,"column":12},"end":{"line":26,"column":34}},{"start":{},"end":{}}],"line":25},"1":{"loc":{"start":{"line":49,"column":12},"end":{"line":50,"column":31}},"type":"if","locations":[{"start":{"line":49,"column":12},"end":{"line":50,"column":31}},{"start":{},"end":{}}],"line":49},"2":{"loc":{"start":{"line":57,"column":12},"end":{"line":58,"column":25}},"type":"if","locations":[{"start":{"line":57,"column":12},"end":{"line":58,"column":25}},{"start":{},"end":{}}],"line":57},"3":{"loc":{"start":{"line":66,"column":12},"end":{"line":67,"column":43}},"type":"if","locations":[{"start":{"line":66,"column":12},"end":{"line":67,"column":43}},{"start":{},"end":{}}],"line":66},"4":{"loc":{"start":{"line":75,"column":12},"end":{"line":76,"column":42}},"type":"if","locations":[{"start":{"line":75,"column":12},"end":{"line":76,"column":42}},{"start":{},"end":{}}],"line":75},"5":{"loc":{"start":{"line":83,"column":12},"end":{"line":84,"column":28}},"type":"if","locations":[{"start":{"line":83,"column":12},"end":{"line":84,"column":28}},{"start":{},"end":{}}],"line":83},"6":{"loc":{"start":{"line":91,"column":12},"end":{"line":92,"column":29}},"type":"if","locations":[{"start":{"line":91,"column":12},"end":{"line":92,"column":29}},{"start":{},"end":{}}],"line":91}},"s":{"0":15,"1":15,"2":90,"3":15,"4":1,"5":1,"6":6,"7":1,"8":1,"9":1,"10":6,"11":1,"12":1,"13":1,"14":1,"15":6,"16":3,"17":1,"18":1,"19":1,"20":1,"21":5,"22":1,"23":1,"24":1,"25":1,"26":5,"27":1,"28":2,"29":2,"30":8,"31":1,"32":1,"33":2,"34":2,"35":8,"36":1,"37":1,"38":1,"39":1,"40":1,"41":6,"42":3,"43":1,"44":1,"45":1,"46":1,"47":6,"48":3,"49":1,"50":2,"51":2,"52":11,"53":1,"54":1,"55":2,"56":2,"57":7,"58":1,"59":1,"60":1},"f":{"0":15,"1":1,"2":1,"3":1,"4":1,"5":1,"6":2,"7":2,"8":1,"9":1,"10":2,"11":2},"b":{"0":[3,3],"1":[1,7],"2":[1,7],"3":[3,3],"4":[3,3],"5":[1,10],"6":[1,6]},"_coverageSchema":"1a1c01bbd47fc00a2c39e90264f33305004495a9","hash":"5a89aef8a31820485a7af0563d433a893b4e7cea"}
,"C:\\Users\\Ansh\\Documents\\programming\\Js_Programs\\Methods\\ArrayMethods\\mutator_methods.js": {"path":"C:\\Users\\Ansh\\Documents\\programming\\Js_Programs\\Methods\\ArrayMethods\\mutator_methods.js","statementMap":{"0":{"start":{"line":3,"column":8},"end":{"line":5,"column":9}},"1":{"start":{"line":3,"column":18},"end":{"line":3,"column":19}},"2":{"start":{"line":4,"column":12},"end":{"line":4,"column":33}},"3":{"start":{"line":6,"column":8},"end":{"line":6,"column":37}},"4":{"start":{"line":9,"column":25},"end":{"line":9,"column":45}},"5":{"start":{"line":10,"column":8},"end":{"line":10,"column":35}},"6":{"start":{"line":11,"column":8},"end":{"line":11,"column":22}},"7":{"start":{"line":12,"column":8},"end":{"line":12,"column":27}},"8":{"start":{"line":16,"column":8},"end":{"line":16,"column":33}},"9":{"start":{"line":17,"column":8},"end":{"line":17,"column":22}},"10":{"start":{"line":18,"column":8},"end":{"line":18,"column":27}},"11":{"start":{"line":22,"column":25},"end":{"line":22,"column":32}},"12":{"start":{"line":23,"column":8},"end":{"line":25,"column":9}},"13":{"start":{"line":23,"column":18},"end":{"line":23,"column":19}},"14":{"start":{"line":24,"column":12},"end":{"line":24,"column":31}},"15":{"start":{"line":26,"column":8},"end":{"line":26,"column":35}},"16":{"start":{"line":27,"column":8},"end":{"line":27,"column":22}},"17":{"start":{"line":28,"column":8},"end":{"line":28,"column":27}},"18":{"start":{"line":32,"column":8},"end":{"line":34,"column":9}},"19":{"start":{"line":32,"column":18},"end":{"line":32,"column":31}},"20":{"start":{"line":33,"column":12},"end":{"line":33,"column":31}},"21":{"start":{"line":35,"column":8},"end":{"line":35,"column":22}},"22":{"start":{"line":36,"column":8},"end":{"line":36,"column":23}},"23":{"start":{"line":37,"column":8},"end":{"line":37,"column":27}},"24":{"start":{"line":41,"column":8},"end":{"line":51,"column":9}},"25":{"start":{"line":42,"column":12},"end":{"line":42,"column":21}},"26":{"start":{"line":43,"column":13},"end":{"line":51,"column":9}},"27":{"start":{"line":44,"column":12},"end":{"line":44,"column":32}},"28":{"start":{"line":45,"column":13},"end":{"line":51,"column":9}},"29":{"start":{"line":46,"column":12},"end":{"line":49,"column":13}},"30":{"start":{"line":46,"column":22},"end":{"line":46,"column":23}},"31":{"start":{"line":47,"column":16},"end":{"line":47,"column":39}},"32":{"start":{"line":48,"column":16},"end":{"line":48,"column":30}},"33":{"start":{"line":50,"column":12},"end":{"line":50,"column":22}},"34":{"start":{"line":53,"column":16},"end":{"line":53,"column":18}},"35":{"start":{"line":54,"column":8},"end":{"line":56,"column":9}},"36":{"start":{"line":54,"column":18},"end":{"line":54,"column":36}},"37":{"start":{"line":55,"column":12},"end":{"line":55,"column":30}},"38":{"start":{"line":58,"column":25},"end":{"line":58,"column":27}},"39":{"start":{"line":59,"column":8},"end":{"line":64,"column":9}},"40":{"start":{"line":59,"column":18},"end":{"line":59,"column":31}},"41":{"start":{"line":60,"column":12},"end":{"line":61,"column":46}},"42":{"start":{"line":61,"column":16},"end":{"line":61,"column":46}},"43":{"start":{"line":62,"column":12},"end":{"line":62,"column":27}},"44":{"start":{"line":63,"column":12},"end":{"line":63,"column":26}},"45":{"start":{"line":66,"column":8},"end":{"line":68,"column":9}},"46":{"start":{"line":66,"column":18},"end":{"line":66,"column":19}},"47":{"start":{"line":67,"column":12},"end":{"line":67,"column":35}},"48":{"start":{"line":70,"column":8},"end":{"line":72,"column":9}},"49":{"start":{"line":70,"column":18},"end":{"line":70,"column":19}},"50":{"start":{"line":71,"column":12},"end":{"line":71,"column":30}},"51":{"start":{"line":73,"column":8},"end":{"line":73,"column":28}},"52":{"start":{"line":77,"column":8},"end":{"line":78,"column":24}},"53":{"start":{"line":78,"column":12},"end":{"line":78,"column":24}},"54":{"start":{"line":79,"column":8},"end":{"line":82,"column":33}},"55":{"start":{"line":80,"column":12},"end":{"line":80,"column":22}},"56":{"start":{"line":81,"column":13},"end":{"line":82,"column":33}},"57":{"start":{"line":82,"column":12},"end":{"line":82,"column":33}},"58":{"start":{"line":83,"column":8},"end":{"line":86,"column":32}},"59":{"start":{"line":84,"column":12},"end":{"line":84,"column":20}},"60":{"start":{"line":85,"column":13},"end":{"line":86,"column":32}},"61":{"start":{"line":86,"column":12},"end":{"line":86,"column":32}},"62":{"start":{"line":87,"column":8},"end":{"line":92,"column":30}},"63":{"start":{"line":88,"column":12},"end":{"line":88,"column":29}},"64":{"start":{"line":89,"column":13},"end":{"line":92,"column":30}},"65":{"start":{"line":90,"column":12},"end":{"line":90,"column":19}},"66":{"start":{"line":91,"column":13},"end":{"line":92,"column":30}},"67":{"start":{"line":92,"column":12},"end":{"line":92,"column":30}},"68":{"start":{"line":93,"column":8},"end":{"line":94,"column":24}},"69":{"start":{"line":94,"column":12},"end":{"line":94,"column":24}},"70":{"start":{"line":95,"column":18},"end":{"line":95,"column":20}},"71":{"start":{"line":96,"column":8},"end":{"line":98,"column":9}},"72":{"start":{"line":97,"column":12},"end":{"line":97,"column":37}},"73":{"start":{"line":99,"column":8},"end":{"line":101,"column":9}},"74":{"start":{"line":99,"column":18},"end":{"line":99,"column":19}},"75":{"start":{"line":100,"column":12},"end":{"line":100,"column":36}},"76":{"start":{"line":102,"column":8},"end":{"line":102,"column":20}},"77":{"start":{"line":107,"column":8},"end":{"line":115,"column":9}},"78":{"start":{"line":107,"column":18},"end":{"line":107,"column":19}},"79":{"start":{"line":108,"column":21},"end":{"line":108,"column":28}},"80":{"start":{"line":109,"column":18},"end":{"line":109,"column":21}},"81":{"start":{"line":110,"column":12},"end":{"line":113,"column":13}},"82":{"start":{"line":111,"column":16},"end":{"line":111,"column":35}},"83":{"start":{"line":112,"column":16},"end":{"line":112,"column":20}},"84":{"start":{"line":114,"column":12},"end":{"line":114,"column":27}},"85":{"start":{"line":116,"column":8},"end":{"line":116,"column":20}},"86":{"start":{"line":120,"column":17},"end":{"line":120,"column":18}},"87":{"start":{"line":120,"column":27},"end":{"line":120,"column":40}},"88":{"start":{"line":121,"column":8},"end":{"line":127,"column":9}},"89":{"start":{"line":122,"column":22},"end":{"line":122,"column":32}},"90":{"start":{"line":123,"column":12},"end":{"line":123,"column":36}},"91":{"start":{"line":124,"column":12},"end":{"line":124,"column":30}},"92":{"start":{"line":125,"column":12},"end":{"line":125,"column":19}},"93":{"start":{"line":126,"column":12},"end":{"line":126,"column":20}},"94":{"start":{"line":128,"column":8},"end":{"line":128,"column":20}},"95":{"start":{"line":132,"column":8},"end":{"line":137,"column":32}},"96":{"start":{"line":133,"column":12},"end":{"line":133,"column":24}},"97":{"start":{"line":134,"column":13},"end":{"line":137,"column":32}},"98":{"start":{"line":135,"column":12},"end":{"line":135,"column":21}},"99":{"start":{"line":136,"column":13},"end":{"line":137,"column":32}},"100":{"start":{"line":137,"column":12},"end":{"line":137,"column":32}},"101":{"start":{"line":138,"column":8},"end":{"line":143,"column":30}},"102":{"start":{"line":139,"column":12},"end":{"line":139,"column":29}},"103":{"start":{"line":140,"column":13},"end":{"line":143,"column":30}},"104":{"start":{"line":141,"column":12},"end":{"line":141,"column":18}},"105":{"start":{"line":142,"column":13},"end":{"line":143,"column":30}},"106":{"start":{"line":143,"column":12},"end":{"line":143,"column":30}},"107":{"start":{"line":144,"column":8},"end":{"line":145,"column":24}},"108":{"start":{"line":145,"column":12},"end":{"line":145,"column":24}},"109":{"start":{"line":146,"column":8},"end":{"line":147,"column":33}},"110":{"start":{"line":147,"column":12},"end":{"line":147,"column":33}},"111":{"start":{"line":148,"column":8},"end":{"line":148,"column":20}},"112":{"start":{"line":211,"column":0},"end":{"line":211,"column":29}}},"fnMap":{"0":{"name":"(anonymous_0)","decl":{"start":{"line":2,"column":4},"end":{"line":2,"column":5}},"loc":{"start":{"line":2,"column":28},"end":{"line":7,"column":5}},"line":2},"1":{"name":"(anonymous_1)","decl":{"start":{"line":8,"column":4},"end":{"line":8,"column":5}},"loc":{"start":{"line":8,"column":9},"end":{"line":13,"column":5}},"line":8},"2":{"name":"(anonymous_2)","decl":{"start":{"line":15,"column":4},"end":{"line":15,"column":5}},"loc":{"start":{"line":15,"column":15},"end":{"line":19,"column":5}},"line":15},"3":{"name":"(anonymous_3)","decl":{"start":{"line":21,"column":4},"end":{"line":21,"column":5}},"loc":{"start":{"line":21,"column":11},"end":{"line":29,"column":5}},"line":21},"4":{"name":"(anonymous_4)","decl":{"start":{"line":31,"column":4},"end":{"line":31,"column":5}},"loc":{"start":{"line":31,"column":18},"end":{"line":38,"column":5}},"line":31},"5":{"name":"(anonymous_5)","decl":{"start":{"line":40,"column":4},"end":{"line":40,"column":5}},"loc":{"start":{"line":40,"column":43},"end":{"line":74,"column":5}},"line":40},"6":{"name":"(anonymous_6)","decl":{"start":{"line":76,"column":4},"end":{"line":76,"column":5}},"loc":{"start":{"line":76,"column":34},"end":{"line":103,"column":5}},"line":76},"7":{"name":"(anonymous_7)","decl":{"start":{"line":105,"column":4},"end":{"line":105,"column":5}},"loc":{"start":{"line":105,"column":10},"end":{"line":117,"column":5}},"line":105},"8":{"name":"(anonymous_8)","decl":{"start":{"line":119,"column":4},"end":{"line":119,"column":5}},"loc":{"start":{"line":119,"column":13},"end":{"line":129,"column":5}},"line":119},"9":{"name":"(anonymous_9)","decl":{"start":{"line":131,"column":4},"end":{"line":131,"column":5}},"loc":{"start":{"line":131,"column":27},"end":{"line":149,"column":5}},"line":131}},"branchMap":{"0":{"loc":{"start":{"line":41,"column":8},"end":{"line":51,"column":9}},"type":"if","locations":[{"start":{"line":41,"column":8},"end":{"line":51,"column":9}},{"start":{"line":43,"column":13},"end":{"line":51,"column":9}}],"line":41},"1":{"loc":{"start":{"line":43,"column":13},"end":{"line":51,"column":9}},"type":"if","locations":[{"start":{"line":43,"column":13},"end":{"line":51,"column":9}},{"start":{"line":45,"column":13},"end":{"line":51,"column":9}}],"line":43},"2":{"loc":{"start":{"line":45,"column":13},"end":{"line":51,"column":9}},"type":"if","locations":[{"start":{"line":45,"column":13},"end":{"line":51,"column":9}},{"start":{},"end":{}}],"line":45},"3":{"loc":{"start":{"line":60,"column":12},"end":{"line":61,"column":46}},"type":"if","locations":[{"start":{"line":60,"column":12},"end":{"line":61,"column":46}},{"start":{},"end":{}}],"line":60},"4":{"loc":{"start":{"line":77,"column":8},"end":{"line":78,"column":24}},"type":"if","locations":[{"start":{"line":77,"column":8},"end":{"line":78,"column":24}},{"start":{},"end":{}}],"line":77},"5":{"loc":{"start":{"line":77,"column":11},"end":{"line":77,"column":80}},"type":"binary-expr","locations":[{"start":{"line":77,"column":11},"end":{"line":77,"column":32}},{"start":{"line":77,"column":36},"end":{"line":77,"column":56}},{"start":{"line":77,"column":60},"end":{"line":77,"column":80}}],"line":77},"6":{"loc":{"start":{"line":79,"column":8},"end":{"line":82,"column":33}},"type":"if","locations":[{"start":{"line":79,"column":8},"end":{"line":82,"column":33}},{"start":{"line":81,"column":13},"end":{"line":82,"column":33}}],"line":79},"7":{"loc":{"start":{"line":81,"column":13},"end":{"line":82,"column":33}},"type":"if","locations":[{"start":{"line":81,"column":13},"end":{"line":82,"column":33}},{"start":{},"end":{}}],"line":81},"8":{"loc":{"start":{"line":83,"column":8},"end":{"line":86,"column":32}},"type":"if","locations":[{"start":{"line":83,"column":8},"end":{"line":86,"column":32}},{"start":{"line":85,"column":13},"end":{"line":86,"column":32}}],"line":83},"9":{"loc":{"start":{"line":83,"column":11},"end":{"line":83,"column":54}},"type":"binary-expr","locations":[{"start":{"line":83,"column":11},"end":{"line":83,"column":31}},{"start":{"line":83,"column":35},"end":{"line":83,"column":54}}],"line":83},"10":{"loc":{"start":{"line":85,"column":13},"end":{"line":86,"column":32}},"type":"if","locations":[{"start":{"line":85,"column":13},"end":{"line":86,"column":32}},{"start":{},"end":{}}],"line":85},"11":{"loc":{"start":{"line":87,"column":8},"end":{"line":92,"column":30}},"type":"if","locations":[{"start":{"line":87,"column":8},"end":{"line":92,"column":30}},{"start":{"line":89,"column":13},"end":{"line":92,"column":30}}],"line":87},"12":{"loc":{"start":{"line":87,"column":11},"end":{"line":87,"column":50}},"type":"binary-expr","locations":[{"start":{"line":87,"column":11},"end":{"line":87,"column":29}},{"start":{"line":87,"column":33},"end":{"line":87,"column":50}}],"line":87},"13":{"loc":{"start":{"line":89,"column":13},"end":{"line":92,"column":30}},"type":"if","locations":[{"start":{"line":89,"column":13},"end":{"line":92,"column":30}},{"start":{"line":91,"column":13},"end":{"line":92,"column":30}}],"line":89},"14":{"loc":{"start":{"line":91,"column":13},"end":{"line":92,"column":30}},"type":"if","locations":[{"start":{"line":91,"column":13},"end":{"line":92,"column":30}},{"start":{},"end":{}}],"line":91},"15":{"loc":{"start":{"line":93,"column":8},"end":{"line":94,"column":24}},"type":"if","locations":[{"start":{"line":93,"column":8},"end":{"line":94,"column":24}},{"start":{},"end":{}}],"line":93},"16":{"loc":{"start":{"line":99,"column":20},"end":{"line":99,"column":57}},"type":"binary-expr","locations":[{"start":{"line":99,"column":20},"end":{"line":99,"column":33}},{"start":{"line":99,"column":37},"end":{"line":99,"column":57}}],"line":99},"17":{"loc":{"start":{"line":110,"column":18},"end":{"line":110,"column":41}},"type":"binary-expr","locations":[{"start":{"line":110,"column":18},"end":{"line":110,"column":31}},{"start":{"line":110,"column":35},"end":{"line":110,"column":41}}],"line":110},"18":{"loc":{"start":{"line":132,"column":8},"end":{"line":137,"column":32}},"type":"if","locations":[{"start":{"line":132,"column":8},"end":{"line":137,"column":32}},{"start":{"line":134,"column":13},"end":{"line":137,"column":32}}],"line":132},"19":{"loc":{"start":{"line":134,"column":13},"end":{"line":137,"column":32}},"type":"if","locations":[{"start":{"line":134,"column":13},"end":{"line":137,"column":32}},{"start":{"line":136,"column":13},"end":{"line":137,"column":32}}],"line":134},"20":{"loc":{"start":{"line":134,"column":16},"end":{"line":134,"column":59}},"type":"binary-expr","locations":[{"start":{"line":134,"column":16},"end":{"line":134,"column":36}},{"start":{"line":134,"column":40},"end":{"line":134,"column":59}}],"line":134},"21":{"loc":{"start":{"line":136,"column":13},"end":{"line":137,"column":32}},"type":"if","locations":[{"start":{"line":136,"column":13},"end":{"line":137,"column":32}},{"start":{},"end":{}}],"line":136},"22":{"loc":{"start":{"line":138,"column":8},"end":{"line":143,"column":30}},"type":"if","locations":[{"start":{"line":138,"column":8},"end":{"line":143,"column":30}},{"start":{"line":140,"column":13},"end":{"line":143,"column":30}}],"line":138},"23":{"loc":{"start":{"line":138,"column":11},"end":{"line":138,"column":50}},"type":"binary-expr","locations":[{"start":{"line":138,"column":11},"end":{"line":138,"column":29}},{"start":{"line":138,"column":33},"end":{"line":138,"column":50}}],"line":138},"24":{"loc":{"start":{"line":140,"column":13},"end":{"line":143,"column":30}},"type":"if","locations":[{"start":{"line":140,"column":13},"end":{"line":143,"column":30}},{"start":{"line":142,"column":13},"end":{"line":143,"column":30}}],"line":140},"25":{"loc":{"start":{"line":142,"column":13},"end":{"line":143,"column":30}},"type":"if","locations":[{"start":{"line":142,"column":13},"end":{"line":143,"column":30}},{"start":{},"end":{}}],"line":142},"26":{"loc":{"start":{"line":144,"column":8},"end":{"line":145,"column":24}},"type":"if","locations":[{"start":{"line":144,"column":8},"end":{"line":145,"column":24}},{"start":{},"end":{}}],"line":144}},"s":{"0":58,"1":58,"2":464,"3":58,"4":1,"5":1,"6":1,"7":1,"8":39,"9":39,"10":39,"11":1,"12":1,"13":1,"14":5,"15":1,"16":1,"17":1,"18":1,"19":1,"20":6,"21":1,"22":1,"23":1,"24":6,"25":2,"26":4,"27":1,"28":3,"29":1,"30":1,"31":3,"32":3,"33":1,"34":5,"35":5,"36":5,"37":18,"38":5,"39":5,"40":5,"41":25,"42":7,"43":25,"44":25,"45":5,"46":5,"47":17,"48":5,"49":5,"50":18,"51":5,"52":9,"53":1,"54":8,"55":1,"56":7,"57":4,"58":8,"59":1,"60":7,"61":3,"62":8,"63":3,"64":5,"65":1,"66":4,"67":1,"68":8,"69":1,"70":7,"71":7,"72":20,"73":7,"74":7,"75":18,"76":7,"77":1,"78":1,"79":9,"80":9,"81":9,"82":17,"83":17,"84":9,"85":1,"86":1,"87":1,"88":1,"89":3,"90":3,"91":3,"92":3,"93":3,"94":1,"95":8,"96":1,"97":7,"98":1,"99":6,"100":1,"101":7,"102":2,"103":5,"104":1,"105":4,"106":1,"107":7,"108":2,"109":5,"110":15,"111":5,"112":1},"f":{"0":58,"1":1,"2":39,"3":1,"4":1,"5":6,"6":9,"7":1,"8":1,"9":8},"b":{"0":[2,4],"1":[1,3],"2":[1,2],"3":[7,18],"4":[1,8],"5":[9,9,9],"6":[1,7],"7":[4,3],"8":[1,7],"9":[8,8],"10":[3,4],"11":[3,5],"12":[8,8],"13":[1,4],"14":[1,3],"15":[1,7],"16":[25,19],"17":[26,17],"18":[1,7],"19":[1,6],"20":[7,7],"21":[1,5],"22":[2,5],"23":[7,7],"24":[1,4],"25":[1,3],"26":[2,5]},"_coverageSchema":"1a1c01bbd47fc00a2c39e90264f33305004495a9","hash":"116bab6154d07eb49199506095dd7a2179f58528"}
,"C:\\Users\\Ansh\\Documents\\programming\\Js_Programs\\Methods\\StringMethods\\methods.js": {"path":"C:\\Users\\Ansh\\Documents\\programming\\Js_Programs\\Methods\\StringMethods\\methods.js","statementMap":{"0":{"start":{"line":3,"column":8},"end":{"line":3,"column":26}},"1":{"start":{"line":4,"column":8},"end":{"line":4,"column":34}},"2":{"start":{"line":8,"column":8},"end":{"line":8,"column":26}},"3":{"start":{"line":12,"column":8},"end":{"line":17,"column":9}},"4":{"start":{"line":13,"column":12},"end":{"line":13,"column":29}},"5":{"start":{"line":16,"column":12},"end":{"line":16,"column":37}},"6":{"start":{"line":21,"column":8},"end":{"line":22,"column":24}},"7":{"start":{"line":22,"column":12},"end":{"line":22,"column":24}},"8":{"start":{"line":23,"column":8},"end":{"line":24,"column":24}},"9":{"start":{"line":24,"column":12},"end":{"line":24,"column":24}},"10":{"start":{"line":25,"column":8},"end":{"line":25,"column":21}},"11":{"start":{"line":29,"column":8},"end":{"line":30,"column":34}},"12":{"start":{"line":30,"column":12},"end":{"line":30,"column":34}},"13":{"start":{"line":31,"column":8},"end":{"line":32,"column":24}},"14":{"start":{"line":32,"column":12},"end":{"line":32,"column":24}},"15":{"start":{"line":33,"column":8},"end":{"line":33,"column":21}},"16":{"start":{"line":37,"column":8},"end":{"line":38,"column":22}},"17":{"start":{"line":38,"column":12},"end":{"line":38,"column":22}},"18":{"start":{"line":39,"column":8},"end":{"line":40,"column":24}},"19":{"start":{"line":40,"column":12},"end":{"line":40,"column":24}},"20":{"start":{"line":41,"column":8},"end":{"line":44,"column":9}},"21":{"start":{"line":41,"column":18},"end":{"line":41,"column":26}},"22":{"start":{"line":42,"column":12},"end":{"line":43,"column":25}},"23":{"start":{"line":43,"column":16},"end":{"line":43,"column":25}},"24":{"start":{"line":45,"column":8},"end":{"line":45,"column":18}},"25":{"start":{"line":49,"column":8},"end":{"line":52,"column":59}},"26":{"start":{"line":50,"column":12},"end":{"line":50,"column":24}},"27":{"start":{"line":51,"column":13},"end":{"line":52,"column":59}},"28":{"start":{"line":52,"column":12},"end":{"line":52,"column":59}},"29":{"start":{"line":53,"column":8},"end":{"line":56,"column":9}},"30":{"start":{"line":53,"column":19},"end":{"line":53,"column":27}},"31":{"start":{"line":54,"column":12},"end":{"line":55,"column":25}},"32":{"start":{"line":55,"column":16},"end":{"line":55,"column":25}},"33":{"start":{"line":57,"column":8},"end":{"line":57,"column":18}},"34":{"start":{"line":61,"column":8},"end":{"line":68,"column":30}},"35":{"start":{"line":62,"column":12},"end":{"line":62,"column":28}},"36":{"start":{"line":63,"column":13},"end":{"line":68,"column":30}},"37":{"start":{"line":64,"column":12},"end":{"line":64,"column":29}},"38":{"start":{"line":65,"column":13},"end":{"line":68,"column":30}},"39":{"start":{"line":66,"column":12},"end":{"line":66,"column":29}},"40":{"start":{"line":67,"column":13},"end":{"line":68,"column":30}},"41":{"start":{"line":68,"column":12},"end":{"line":68,"column":30}},"42":{"start":{"line":69,"column":8},"end":{"line":73,"column":9}},"43":{"start":{"line":70,"column":12},"end":{"line":70,"column":21}},"44":{"start":{"line":71,"column":13},"end":{"line":73,"column":9}},"45":{"start":{"line":72,"column":12},"end":{"line":72,"column":32}},"46":{"start":{"line":74,"column":8},"end":{"line":75,"column":29}},"47":{"start":{"line":75,"column":12},"end":{"line":75,"column":29}},"48":{"start":{"line":76,"column":16},"end":{"line":76,"column":18}},"49":{"start":{"line":77,"column":8},"end":{"line":79,"column":9}},"50":{"start":{"line":78,"column":12},"end":{"line":78,"column":38}},"51":{"start":{"line":80,"column":8},"end":{"line":80,"column":19}},"52":{"start":{"line":84,"column":22},"end":{"line":84,"column":50}},"53":{"start":{"line":85,"column":22},"end":{"line":85,"column":50}},"54":{"start":{"line":86,"column":16},"end":{"line":86,"column":18}},"55":{"start":{"line":87,"column":8},"end":{"line":94,"column":9}},"56":{"start":{"line":87,"column":18},"end":{"line":87,"column":19}},"57":{"start":{"line":88,"column":12},"end":{"line":93,"column":13}},"58":{"start":{"line":89,"column":16},"end":{"line":89,"column":66}},"59":{"start":{"line":92,"column":16},"end":{"line":92,"column":36}},"60":{"start":{"line":95,"column":8},"end":{"line":95,"column":19}},"61":{"start":{"line":99,"column":17},"end":{"line":99,"column":19}},"62":{"start":{"line":100,"column":8},"end":{"line":100,"column":38}},"63":{"start":{"line":101,"column":8},"end":{"line":101,"column":20}},"64":{"start":{"line":105,"column":16},"end":{"line":105,"column":18}},"65":{"start":{"line":106,"column":8},"end":{"line":108,"column":9}},"66":{"start":{"line":106,"column":18},"end":{"line":106,"column":19}},"67":{"start":{"line":107,"column":12},"end":{"line":107,"column":36}},"68":{"start":{"line":109,"column":8},"end":{"line":109,"column":19}},"69":{"start":{"line":113,"column":8},"end":{"line":114,"column":24}},"70":{"start":{"line":114,"column":12},"end":{"line":114,"column":24}},"71":{"start":{"line":115,"column":8},"end":{"line":118,"column":9}},"72":{"start":{"line":115,"column":19},"end":{"line":115,"column":27}},"73":{"start":{"line":116,"column":12},"end":{"line":117,"column":28}},"74":{"start":{"line":117,"column":16},"end":{"line":117,"column":28}},"75":{"start":{"line":119,"column":8},"end":{"line":119,"column":21}},"76":{"start":{"line":123,"column":16},"end":{"line":123,"column":18}},"77":{"start":{"line":125,"column":8},"end":{"line":134,"column":9}},"78":{"start":{"line":126,"column":12},"end":{"line":133,"column":13}},"79":{"start":{"line":127,"column":16},"end":{"line":127,"column":31}},"80":{"start":{"line":128,"column":16},"end":{"line":128,"column":39}},"81":{"start":{"line":129,"column":16},"end":{"line":129,"column":22}},"82":{"start":{"line":132,"column":16},"end":{"line":132,"column":36}},"83":{"start":{"line":135,"column":8},"end":{"line":135,"column":47}},"84":{"start":{"line":136,"column":8},"end":{"line":136,"column":19}},"85":{"start":{"line":140,"column":16},"end":{"line":140,"column":18}},"86":{"start":{"line":141,"column":8},"end":{"line":149,"column":9}},"87":{"start":{"line":141,"column":18},"end":{"line":141,"column":19}},"88":{"start":{"line":142,"column":12},"end":{"line":148,"column":13}},"89":{"start":{"line":143,"column":16},"end":{"line":143,"column":31}},"90":{"start":{"line":144,"column":16},"end":{"line":144,"column":42}},"91":{"start":{"line":147,"column":16},"end":{"line":147,"column":36}},"92":{"start":{"line":150,"column":8},"end":{"line":150,"column":19}},"93":{"start":{"line":154,"column":16},"end":{"line":154,"column":18}},"94":{"start":{"line":155,"column":18},"end":{"line":155,"column":19}},"95":{"start":{"line":155,"column":25},"end":{"line":155,"column":38}},"96":{"start":{"line":156,"column":8},"end":{"line":157,"column":20}},"97":{"start":{"line":157,"column":12},"end":{"line":157,"column":20}},"98":{"start":{"line":158,"column":8},"end":{"line":159,"column":18}},"99":{"start":{"line":159,"column":12},"end":{"line":159,"column":18}},"100":{"start":{"line":160,"column":8},"end":{"line":160,"column":44}},"101":{"start":{"line":161,"column":8},"end":{"line":161,"column":19}},"102":{"start":{"line":165,"column":16},"end":{"line":165,"column":18}},"103":{"start":{"line":166,"column":18},"end":{"line":166,"column":19}},"104":{"start":{"line":167,"column":8},"end":{"line":168,"column":20}},"105":{"start":{"line":168,"column":12},"end":{"line":168,"column":20}},"106":{"start":{"line":169,"column":8},"end":{"line":169,"column":50}},"107":{"start":{"line":170,"column":8},"end":{"line":170,"column":19}},"108":{"start":{"line":174,"column":16},"end":{"line":174,"column":18}},"109":{"start":{"line":175,"column":17},"end":{"line":175,"column":31}},"110":{"start":{"line":176,"column":8},"end":{"line":177,"column":18}},"111":{"start":{"line":177,"column":12},"end":{"line":177,"column":18}},"112":{"start":{"line":178,"column":8},"end":{"line":178,"column":40}},"113":{"start":{"line":179,"column":8},"end":{"line":179,"column":19}},"114":{"start":{"line":183,"column":16},"end":{"line":183,"column":18}},"115":{"start":{"line":184,"column":8},"end":{"line":186,"column":9}},"116":{"start":{"line":184,"column":18},"end":{"line":184,"column":19}},"117":{"start":{"line":185,"column":12},"end":{"line":185,"column":40}},"118":{"start":{"line":187,"column":8},"end":{"line":187,"column":19}},"119":{"start":{"line":266,"column":0},"end":{"line":266,"column":25}}},"fnMap":{"0":{"name":"(anonymous_0)","decl":{"start":{"line":2,"column":4},"end":{"line":2,"column":5}},"loc":{"start":{"line":2,"column":22},"end":{"line":5,"column":5}},"line":2},"1":{"name":"(anonymous_1)","decl":{"start":{"line":7,"column":4},"end":{"line":7,"column":5}},"loc":{"start":{"line":7,"column":13},"end":{"line":9,"column":5}},"line":7},"2":{"name":"(anonymous_2)","decl":{"start":{"line":11,"column":4},"end":{"line":11,"column":5}},"loc":{"start":{"line":11,"column":17},"end":{"line":18,"column":5}},"line":11},"3":{"name":"(anonymous_3)","decl":{"start":{"line":20,"column":4},"end":{"line":20,"column":5}},"loc":{"start":{"line":20,"column":38},"end":{"line":26,"column":5}},"line":20},"4":{"name":"(anonymous_4)","decl":{"start":{"line":28,"column":4},"end":{"line":28,"column":5}},"loc":{"start":{"line":28,"column":36},"end":{"line":34,"column":5}},"line":28},"5":{"name":"(anonymous_5)","decl":{"start":{"line":36,"column":4},"end":{"line":36,"column":5}},"loc":{"start":{"line":36,"column":35},"end":{"line":46,"column":5}},"line":36},"6":{"name":"(anonymous_6)","decl":{"start":{"line":48,"column":4},"end":{"line":48,"column":5}},"loc":{"start":{"line":48,"column":39},"end":{"line":58,"column":5}},"line":48},"7":{"name":"(anonymous_7)","decl":{"start":{"line":60,"column":4},"end":{"line":60,"column":5}},"loc":{"start":{"line":60,"column":21},"end":{"line":81,"column":5}},"line":60},"8":{"name":"(anonymous_8)","decl":{"start":{"line":83,"column":4},"end":{"line":83,"column":5}},"loc":{"start":{"line":83,"column":17},"end":{"line":96,"column":5}},"line":83},"9":{"name":"(anonymous_9)","decl":{"start":{"line":98,"column":4},"end":{"line":98,"column":5}},"loc":{"start":{"line":98,"column":15},"end":{"line":102,"column":5}},"line":98},"10":{"name":"(anonymous_10)","decl":{"start":{"line":104,"column":4},"end":{"line":104,"column":5}},"loc":{"start":{"line":104,"column":11},"end":{"line":110,"column":5}},"line":104},"11":{"name":"(anonymous_11)","decl":{"start":{"line":112,"column":4},"end":{"line":112,"column":5}},"loc":{"start":{"line":112,"column":36},"end":{"line":120,"column":5}},"line":112},"12":{"name":"(anonymous_12)","decl":{"start":{"line":122,"column":4},"end":{"line":122,"column":5}},"loc":{"start":{"line":122,"column":34},"end":{"line":137,"column":5}},"line":122},"13":{"name":"(anonymous_13)","decl":{"start":{"line":139,"column":4},"end":{"line":139,"column":5}},"loc":{"start":{"line":139,"column":37},"end":{"line":151,"column":5}},"line":139},"14":{"name":"(anonymous_14)","decl":{"start":{"line":153,"column":4},"end":{"line":153,"column":5}},"loc":{"start":{"line":153,"column":10},"end":{"line":162,"column":5}},"line":153},"15":{"name":"(anonymous_15)","decl":{"start":{"line":164,"column":4},"end":{"line":164,"column":5}},"loc":{"start":{"line":164,"column":15},"end":{"line":171,"column":5}},"line":164},"16":{"name":"(anonymous_16)","decl":{"start":{"line":173,"column":4},"end":{"line":173,"column":5}},"loc":{"start":{"line":173,"column":13},"end":{"line":180,"column":5}},"line":173},"17":{"name":"(anonymous_17)","decl":{"start":{"line":182,"column":4},"end":{"line":182,"column":5}},"loc":{"start":{"line":182,"column":21},"end":{"line":188,"column":5}},"line":182}},"branchMap":{"0":{"loc":{"start":{"line":12,"column":8},"end":{"line":17,"column":9}},"type":"if","locations":[{"start":{"line":12,"column":8},"end":{"line":17,"column":9}},{"start":{"line":15,"column":12},"end":{"line":17,"column":9}}],"line":12},"1":{"loc":{"start":{"line":12,"column":11},"end":{"line":12,"column":44}},"type":"binary-expr","locations":[{"start":{"line":12,"column":11},"end":{"line":12,"column":31}},{"start":{"line":12,"column":35},"end":{"line":12,"column":44}}],"line":12},"2":{"loc":{"start":{"line":21,"column":8},"end":{"line":22,"column":24}},"type":"if","locations":[{"start":{"line":21,"column":8},"end":{"line":22,"column":24}},{"start":{},"end":{}}],"line":21},"3":{"loc":{"start":{"line":23,"column":8},"end":{"line":24,"column":24}},"type":"if","locations":[{"start":{"line":23,"column":8},"end":{"line":24,"column":24}},{"start":{},"end":{}}],"line":23},"4":{"loc":{"start":{"line":29,"column":8},"end":{"line":30,"column":34}},"type":"if","locations":[{"start":{"line":29,"column":8},"end":{"line":30,"column":34}},{"start":{},"end":{}}],"line":29},"5":{"loc":{"start":{"line":31,"column":8},"end":{"line":32,"column":24}},"type":"if","locations":[{"start":{"line":31,"column":8},"end":{"line":32,"column":24}},{"start":{},"end":{}}],"line":31},"6":{"loc":{"start":{"line":37,"column":8},"end":{"line":38,"column":22}},"type":"if","locations":[{"start":{"line":37,"column":8},"end":{"line":38,"column":22}},{"start":{},"end":{}}],"line":37},"7":{"loc":{"start":{"line":39,"column":8},"end":{"line":40,"column":24}},"type":"if","locations":[{"start":{"line":39,"column":8},"end":{"line":40,"column":24}},{"start":{},"end":{}}],"line":39},"8":{"loc":{"start":{"line":39,"column":11},"end":{"line":39,"column":49}},"type":"binary-expr","locations":[{"start":{"line":39,"column":11},"end":{"line":39,"column":33}},{"start":{"line":39,"column":37},"end":{"line":39,"column":49}}],"line":39},"9":{"loc":{"start":{"line":42,"column":12},"end":{"line":43,"column":25}},"type":"if","locations":[{"start":{"line":42,"column":12},"end":{"line":43,"column":25}},{"start":{},"end":{}}],"line":42},"10":{"loc":{"start":{"line":49,"column":8},"end":{"line":52,"column":59}},"type":"if","locations":[{"start":{"line":49,"column":8},"end":{"line":52,"column":59}},{"start":{"line":51,"column":13},"end":{"line":52,"column":59}}],"line":49},"11":{"loc":{"start":{"line":51,"column":13},"end":{"line":52,"column":59}},"type":"if","locations":[{"start":{"line":51,"column":13},"end":{"line":52,"column":59}},{"start":{},"end":{}}],"line":51},"12":{"loc":{"start":{"line":51,"column":16},"end":{"line":51,"column":89}},"type":"binary-expr","locations":[{"start":{"line":51,"column":16},"end":{"line":51,"column":63}},{"start":{"line":51,"column":67},"end":{"line":51,"column":89}}],"line":51},"13":{"loc":{"start":{"line":54,"column":12},"end":{"line":55,"column":25}},"type":"if","locations":[{"start":{"line":54,"column":12},"end":{"line":55,"column":25}},{"start":{},"end":{}}],"line":54},"14":{"loc":{"start":{"line":61,"column":8},"end":{"line":68,"column":30}},"type":"if","locations":[{"start":{"line":61,"column":8},"end":{"line":68,"column":30}},{"start":{"line":63,"column":13},"end":{"line":68,"column":30}}],"line":61},"15":{"loc":{"start":{"line":63,"column":13},"end":{"line":68,"column":30}},"type":"if","locations":[{"start":{"line":63,"column":13},"end":{"line":68,"column":30}},{"start":{"line":65,"column":13},"end":{"line":68,"column":30}}],"line":63},"16":{"loc":{"start":{"line":65,"column":13},"end":{"line":68,"column":30}},"type":"if","locations":[{"start":{"line":65,"column":13},"end":{"line":68,"column":30}},{"start":{"line":67,"column":13},"end":{"line":68,"column":30}}],"line":65},"17":{"loc":{"start":{"line":67,"column":13},"end":{"line":68,"column":30}},"type":"if","locations":[{"start":{"line":67,"column":13},"end":{"line":68,"column":30}},{"start":{},"end":{}}],"line":67},"18":{"loc":{"start":{"line":69,"column":8},"end":{"line":73,"column":9}},"type":"if","locations":[{"start":{"line":69,"column":8},"end":{"line":73,"column":9}},{"start":{"line":71,"column":13},"end":{"line":73,"column":9}}],"line":69},"19":{"loc":{"start":{"line":69,"column":11},"end":{"line":69,"column":41}},"type":"binary-expr","locations":[{"start":{"line":69,"column":11},"end":{"line":69,"column":17}},{"start":{"line":69,"column":21},"end":{"line":69,"column":41}}],"line":69},"20":{"loc":{"start":{"line":71,"column":13},"end":{"line":73,"column":9}},"type":"if","locations":[{"start":{"line":71,"column":13},"end":{"line":73,"column":9}},{"start":{},"end":{}}],"line":71},"21":{"loc":{"start":{"line":74,"column":8},"end":{"line":75,"column":29}},"type":"if","locations":[{"start":{"line":74,"column":8},"end":{"line":75,"column":29}},{"start":{},"end":{}}],"line":74},"22":{"loc":{"start":{"line":88,"column":12},"end":{"line":93,"column":13}},"type":"if","locations":[{"start":{"line":88,"column":12},"end":{"line":93,"column":13}},{"start":{"line":91,"column":16},"end":{"line":93,"column":13}}],"line":88},"23":{"loc":{"start":{"line":88,"column":15},"end":{"line":88,"column":59}},"type":"binary-expr","locations":[{"start":{"line":88,"column":15},"end":{"line":88,"column":35}},{"start":{"line":88,"column":39},"end":{"line":88,"column":59}}],"line":88},"24":{"loc":{"start":{"line":113,"column":8},"end":{"line":114,"column":24}},"type":"if","locations":[{"start":{"line":113,"column":8},"end":{"line":114,"column":24}},{"start":{},"end":{}}],"line":113},"25":{"loc":{"start":{"line":116,"column":12},"end":{"line":117,"column":28}},"type":"if","locations":[{"start":{"line":116,"column":12},"end":{"line":117,"column":28}},{"start":{},"end":{}}],"line":116},"26":{"loc":{"start":{"line":126,"column":12},"end":{"line":133,"column":13}},"type":"if","locations":[{"start":{"line":126,"column":12},"end":{"line":133,"column":13}},{"start":{"line":131,"column":16},"end":{"line":133,"column":13}}],"line":126},"27":{"loc":{"start":{"line":142,"column":12},"end":{"line":148,"column":13}},"type":"if","locations":[{"start":{"line":142,"column":12},"end":{"line":148,"column":13}},{"start":{"line":146,"column":16},"end":{"line":148,"column":13}}],"line":142}},"s":{"0":176,"1":176,"2":1,"3":3,"4":1,"5":2,"6":4,"7":4,"8":4,"9":2,"10":2,"11":4,"12":4,"13":4,"14":2,"15":2,"16":7,"17":1,"18":6,"19":5,"20":6,"21":6,"22":37,"23":5,"24":1,"25":3,"26":1,"27":2,"28":2,"29":3,"30":3,"31":11,"32":2,"33":1,"34":9,"35":3,"36":6,"37":2,"38":4,"39":1,"40":3,"41":1,"42":8,"43":1,"44":7,"45":4,"46":8,"47":1,"48":7,"49":7,"50":48,"51":7,"52":1,"53":1,"54":1,"55":1,"56":1,"57":12,"58":8,"59":4,"60":1,"61":1,"62":1,"63":1,"64":1,"65":1,"66":1,"67":12,"68":1,"69":3,"70":1,"71":3,"72":3,"73":8,"74":2,"75":1,"76":1,"77":1,"78":7,"79":1,"80":1,"81":1,"82":6,"83":1,"84":1,"85":1,"86":1,"87":1,"88":54,"89":3,"90":3,"91":51,"92":1,"93":1,"94":1,"95":1,"96":1,"97":4,"98":1,"99":2,"100":1,"101":1,"102":1,"103":1,"104":1,"105":4,"106":1,"107":1,"108":1,"109":1,"110":1,"111":2,"112":1,"113":1,"114":2,"115":2,"116":2,"117":5,"118":2,"119":1},"f":{"0":176,"1":1,"2":3,"3":4,"4":4,"5":7,"6":3,"7":9,"8":1,"9":1,"10":1,"11":3,"12":1,"13":1,"14":1,"15":1,"16":1,"17":2},"b":{"0":[1,2],"1":[3,3],"2":[4,0],"3":[2,2],"4":[4,0],"5":[2,2],"6":[1,6],"7":[5,1],"8":[6,1],"9":[5,32],"10":[1,2],"11":[2,0],"12":[2,2],"13":[2,9],"14":[3,6],"15":[2,4],"16":[1,3],"17":[1,2],"18":[1,7],"19":[8,7],"20":[4,3],"21":[1,7],"22":[8,4],"23":[12,8],"24":[1,2],"25":[2,6],"26":[1,6],"27":[3,51]},"_coverageSchema":"1a1c01bbd47fc00a2c39e90264f33305004495a9","hash":"166f4568dcb961b90966171d22782106bceeee10"}
}
