TN:
SF:ArrayMethods\accessor_methods.js
FN:2,(anonymous_0)
FN:8,(anonymous_1)
FN:23,(anonymous_2)
FN:34,(anonymous_3)
FN:55,(anonymous_4)
FN:65,(anonymous_5)
FN:75,(anonymous_6)
FN:87,(anonymous_7)
FN:115,(anonymous_8)
FN:133,(anonymous_9)
FN:150,(anonymous_10)
FN:158,(anonymous_11)
FN:175,(anonymous_12)
FNF:13
FNH:13
FNDA:228,(anonymous_0)
FNDA:7,(anonymous_1)
FNDA:1,(anonymous_2)
FNDA:9,(anonymous_3)
FNDA:4,(anonymous_4)
FNDA:5,(anonymous_5)
FNDA:3,(anonymous_6)
FNDA:4,(anonymous_7)
FNDA:1,(anonymous_8)
FNDA:1,(anonymous_9)
FNDA:1,(anonymous_10)
FNDA:1,(anonymous_11)
FNDA:1,(anonymous_12)
DA:3,228
DA:4,1292
DA:6,228
DA:9,7
DA:10,1
DA:11,7
DA:12,2
DA:13,5
DA:14,5
DA:15,30
DA:16,5
DA:18,25
DA:20,5
DA:24,1
DA:25,1
DA:26,6
DA:28,1
DA:29,3
DA:31,1
DA:35,9
DA:36,3
DA:37,6
DA:38,1
DA:39,5
DA:40,2
DA:41,9
DA:42,1
DA:43,8
DA:44,2
DA:45,6
DA:46,1
DA:47,1
DA:48,8
DA:49,8
DA:50,21
DA:52,8
DA:56,4
DA:57,4
DA:58,4
DA:59,16
DA:60,3
DA:62,1
DA:66,5
DA:67,5
DA:68,5
DA:69,22
DA:70,4
DA:72,1
DA:76,3
DA:77,1
DA:78,3
DA:79,3
DA:80,18
DA:81,18
DA:82,15
DA:84,3
DA:88,4
DA:89,19
DA:90,2
DA:92,2
DA:116,1
DA:117,1
DA:118,1
DA:119,1
DA:120,1
DA:121,19
DA:122,11
DA:125,8
DA:126,8
DA:127,18
DA:130,1
DA:134,1
DA:135,1
DA:136,4
DA:138,1
DA:139,1
DA:140,4
DA:141,3
DA:142,6
DA:145,1
DA:147,1
DA:151,1
DA:152,1
DA:153,6
DA:155,1
DA:159,1
DA:160,1
DA:161,8
DA:163,1
DA:164,7
DA:165,7
DA:166,7
DA:167,17
DA:168,17
DA:170,7
DA:172,1
DA:176,1
DA:177,1
DA:178,2
DA:179,1
DA:180,3
DA:181,1
DA:182,2
DA:183,1
DA:251,1
LF:105
LH:105
BRDA:9,0,0,1
BRDA:9,0,1,6
BRDA:9,1,0,7
BRDA:9,1,1,6
BRDA:11,2,0,2
BRDA:11,2,1,5
BRDA:11,3,0,7
BRDA:11,3,1,6
BRDA:15,4,0,5
BRDA:15,4,1,25
BRDA:35,5,0,3
BRDA:35,5,1,6
BRDA:35,6,0,9
BRDA:35,6,1,6
BRDA:37,7,0,1
BRDA:37,7,1,5
BRDA:39,8,0,2
BRDA:39,8,1,3
BRDA:41,9,0,1
BRDA:41,9,1,8
BRDA:41,10,0,9
BRDA:41,10,1,8
BRDA:43,11,0,2
BRDA:43,11,1,6
BRDA:45,12,0,1
BRDA:45,12,1,5
BRDA:46,13,0,1
BRDA:46,13,1,0
BRDA:46,14,0,1
BRDA:46,14,1,0
BRDA:56,15,0,4
BRDA:56,15,1,0
BRDA:59,16,0,3
BRDA:59,16,1,13
BRDA:66,17,0,5
BRDA:66,17,1,0
BRDA:69,18,0,4
BRDA:69,18,1,18
BRDA:76,19,0,1
BRDA:76,19,1,2
BRDA:81,20,0,15
BRDA:81,20,1,3
BRDA:89,21,0,2
BRDA:89,21,1,17
BRDA:121,22,0,11
BRDA:121,22,1,8
BRDA:140,23,0,3
BRDA:140,23,1,1
BRDA:166,24,0,24
BRDA:166,24,1,17
BRF:50
BRH:46
end_of_record
TN:
SF:ArrayMethods\iteration_methods.js
FN:2,(anonymous_0)
FN:8,(anonymous_1)
FN:14,(anonymous_2)
FN:22,(anonymous_3)
FN:31,(anonymous_4)
FN:39,(anonymous_5)
FN:47,(anonymous_6)
FN:55,(anonymous_7)
FN:63,(anonymous_8)
FN:72,(anonymous_9)
FN:81,(anonymous_10)
FN:89,(anonymous_11)
FNF:12
FNH:12
FNDA:15,(anonymous_0)
FNDA:1,(anonymous_1)
FNDA:1,(anonymous_2)
FNDA:1,(anonymous_3)
FNDA:1,(anonymous_4)
FNDA:1,(anonymous_5)
FNDA:2,(anonymous_6)
FNDA:2,(anonymous_7)
FNDA:1,(anonymous_8)
FNDA:1,(anonymous_9)
FNDA:2,(anonymous_10)
FNDA:2,(anonymous_11)
DA:3,15
DA:4,90
DA:6,15
DA:9,1
DA:10,6
DA:15,1
DA:16,1
DA:17,6
DA:19,1
DA:23,1
DA:24,1
DA:25,6
DA:26,3
DA:28,1
DA:32,1
DA:33,1
DA:34,5
DA:36,1
DA:40,1
DA:41,1
DA:42,5
DA:44,1
DA:48,2
DA:49,8
DA:50,1
DA:52,1
DA:56,2
DA:57,8
DA:58,1
DA:60,1
DA:64,1
DA:65,1
DA:66,6
DA:67,3
DA:69,1
DA:73,1
DA:74,1
DA:75,6
DA:76,3
DA:78,1
DA:82,2
DA:83,11
DA:84,1
DA:86,1
DA:90,2
DA:91,7
DA:92,1
DA:94,1
DA:139,1
LF:49
LH:49
BRDA:25,0,0,3
BRDA:25,0,1,3
BRDA:49,1,0,1
BRDA:49,1,1,7
BRDA:57,2,0,1
BRDA:57,2,1,7
BRDA:66,3,0,3
BRDA:66,3,1,3
BRDA:75,4,0,3
BRDA:75,4,1,3
BRDA:83,5,0,1
BRDA:83,5,1,10
BRDA:91,6,0,1
BRDA:91,6,1,6
BRF:14
BRH:14
end_of_record
TN:
SF:ArrayMethods\mutator_methods.js
FN:2,(anonymous_0)
FN:8,(anonymous_1)
FN:15,(anonymous_2)
FN:21,(anonymous_3)
FN:31,(anonymous_4)
FN:40,(anonymous_5)
FN:76,(anonymous_6)
FN:105,(anonymous_7)
FN:119,(anonymous_8)
FN:131,(anonymous_9)
FNF:10
FNH:10
FNDA:58,(anonymous_0)
FNDA:1,(anonymous_1)
FNDA:39,(anonymous_2)
FNDA:1,(anonymous_3)
FNDA:1,(anonymous_4)
FNDA:6,(anonymous_5)
FNDA:9,(anonymous_6)
FNDA:1,(anonymous_7)
FNDA:1,(anonymous_8)
FNDA:8,(anonymous_9)
DA:3,58
DA:4,464
DA:6,58
DA:9,1
DA:10,1
DA:11,1
DA:12,1
DA:16,39
DA:17,39
DA:18,39
DA:22,1
DA:23,1
DA:24,5
DA:26,1
DA:27,1
DA:28,1
DA:32,1
DA:33,6
DA:35,1
DA:36,1
DA:37,1
DA:41,6
DA:42,2
DA:43,4
DA:44,1
DA:45,3
DA:46,1
DA:47,3
DA:48,3
DA:50,1
DA:53,5
DA:54,5
DA:55,18
DA:58,5
DA:59,5
DA:60,25
DA:61,7
DA:62,25
DA:63,25
DA:66,5
DA:67,17
DA:70,5
DA:71,18
DA:73,5
DA:77,9
DA:78,1
DA:79,8
DA:80,1
DA:81,7
DA:82,4
DA:83,8
DA:84,1
DA:85,7
DA:86,3
DA:87,8
DA:88,3
DA:89,5
DA:90,1
DA:91,4
DA:92,1
DA:93,8
DA:94,1
DA:95,7
DA:96,7
DA:97,20
DA:99,7
DA:100,18
DA:102,7
DA:107,1
DA:108,9
DA:109,9
DA:110,9
DA:111,17
DA:112,17
DA:114,9
DA:116,1
DA:120,1
DA:121,1
DA:122,3
DA:123,3
DA:124,3
DA:125,3
DA:126,3
DA:128,1
DA:132,8
DA:133,1
DA:134,7
DA:135,1
DA:136,6
DA:137,1
DA:138,7
DA:139,2
DA:140,5
DA:141,1
DA:142,4
DA:143,1
DA:144,7
DA:145,2
DA:146,5
DA:147,15
DA:148,5
DA:211,1
LF:102
LH:102
BRDA:41,0,0,2
BRDA:41,0,1,4
BRDA:43,1,0,1
BRDA:43,1,1,3
BRDA:45,2,0,1
BRDA:45,2,1,2
BRDA:60,3,0,7
BRDA:60,3,1,18
BRDA:77,4,0,1
BRDA:77,4,1,8
BRDA:77,5,0,9
BRDA:77,5,1,9
BRDA:77,5,2,9
BRDA:79,6,0,1
BRDA:79,6,1,7
BRDA:81,7,0,4
BRDA:81,7,1,3
BRDA:83,8,0,1
BRDA:83,8,1,7
BRDA:83,9,0,8
BRDA:83,9,1,8
BRDA:85,10,0,3
BRDA:85,10,1,4
BRDA:87,11,0,3
BRDA:87,11,1,5
BRDA:87,12,0,8
BRDA:87,12,1,8
BRDA:89,13,0,1
BRDA:89,13,1,4
BRDA:91,14,0,1
BRDA:91,14,1,3
BRDA:93,15,0,1
BRDA:93,15,1,7
BRDA:99,16,0,25
BRDA:99,16,1,19
BRDA:110,17,0,26
BRDA:110,17,1,17
BRDA:132,18,0,1
BRDA:132,18,1,7
BRDA:134,19,0,1
BRDA:134,19,1,6
BRDA:134,20,0,7
BRDA:134,20,1,7
BRDA:136,21,0,1
BRDA:136,21,1,5
BRDA:138,22,0,2
BRDA:138,22,1,5
BRDA:138,23,0,7
BRDA:138,23,1,7
BRDA:140,24,0,1
BRDA:140,24,1,4
BRDA:142,25,0,1
BRDA:142,25,1,3
BRDA:144,26,0,2
BRDA:144,26,1,5
BRF:55
BRH:55
end_of_record
TN:
SF:StringMethods\methods.js
FN:2,(anonymous_0)
FN:7,(anonymous_1)
FN:11,(anonymous_2)
FN:20,(anonymous_3)
FN:28,(anonymous_4)
FN:36,(anonymous_5)
FN:48,(anonymous_6)
FN:60,(anonymous_7)
FN:83,(anonymous_8)
FN:98,(anonymous_9)
FN:104,(anonymous_10)
FN:112,(anonymous_11)
FN:122,(anonymous_12)
FN:139,(anonymous_13)
FN:153,(anonymous_14)
FN:164,(anonymous_15)
FN:173,(anonymous_16)
FN:182,(anonymous_17)
FNF:18
FNH:18
FNDA:176,(anonymous_0)
FNDA:1,(anonymous_1)
FNDA:3,(anonymous_2)
FNDA:4,(anonymous_3)
FNDA:4,(anonymous_4)
FNDA:7,(anonymous_5)
FNDA:3,(anonymous_6)
FNDA:9,(anonymous_7)
FNDA:1,(anonymous_8)
FNDA:1,(anonymous_9)
FNDA:1,(anonymous_10)
FNDA:3,(anonymous_11)
FNDA:1,(anonymous_12)
FNDA:1,(anonymous_13)
FNDA:1,(anonymous_14)
FNDA:1,(anonymous_15)
FNDA:1,(anonymous_16)
FNDA:2,(anonymous_17)
DA:3,176
DA:4,176
DA:8,1
DA:12,3
DA:13,1
DA:16,2
DA:21,4
DA:22,4
DA:23,4
DA:24,2
DA:25,2
DA:29,4
DA:30,4
DA:31,4
DA:32,2
DA:33,2
DA:37,7
DA:38,1
DA:39,6
DA:40,5
DA:41,6
DA:42,37
DA:43,5
DA:45,1
DA:49,3
DA:50,1
DA:51,2
DA:52,2
DA:53,3
DA:54,11
DA:55,2
DA:57,1
DA:61,9
DA:62,3
DA:63,6
DA:64,2
DA:65,4
DA:66,1
DA:67,3
DA:68,1
DA:69,8
DA:70,1
DA:71,7
DA:72,4
DA:74,8
DA:75,1
DA:76,7
DA:77,7
DA:78,48
DA:80,7
DA:84,1
DA:85,1
DA:86,1
DA:87,1
DA:88,12
DA:89,8
DA:92,4
DA:95,1
DA:99,1
DA:100,1
DA:101,1
DA:105,1
DA:106,1
DA:107,12
DA:109,1
DA:113,3
DA:114,1
DA:115,3
DA:116,8
DA:117,2
DA:119,1
DA:123,1
DA:125,1
DA:126,7
DA:127,1
DA:128,1
DA:129,1
DA:132,6
DA:135,1
DA:136,1
DA:140,1
DA:141,1
DA:142,54
DA:143,3
DA:144,3
DA:147,51
DA:150,1
DA:154,1
DA:155,1
DA:156,1
DA:157,4
DA:158,1
DA:159,2
DA:160,1
DA:161,1
DA:165,1
DA:166,1
DA:167,1
DA:168,4
DA:169,1
DA:170,1
DA:174,1
DA:175,1
DA:176,1
DA:177,2
DA:178,1
DA:179,1
DA:183,2
DA:184,2
DA:185,5
DA:187,2
DA:266,1
LF:112
LH:112
BRDA:12,0,0,1
BRDA:12,0,1,2
BRDA:12,1,0,3
BRDA:12,1,1,3
BRDA:21,2,0,4
BRDA:21,2,1,0
BRDA:23,3,0,2
BRDA:23,3,1,2
BRDA:29,4,0,4
BRDA:29,4,1,0
BRDA:31,5,0,2
BRDA:31,5,1,2
BRDA:37,6,0,1
BRDA:37,6,1,6
BRDA:39,7,0,5
BRDA:39,7,1,1
BRDA:39,8,0,6
BRDA:39,8,1,1
BRDA:42,9,0,5
BRDA:42,9,1,32
BRDA:49,10,0,1
BRDA:49,10,1,2
BRDA:51,11,0,2
BRDA:51,11,1,0
BRDA:51,12,0,2
BRDA:51,12,1,2
BRDA:54,13,0,2
BRDA:54,13,1,9
BRDA:61,14,0,3
BRDA:61,14,1,6
BRDA:63,15,0,2
BRDA:63,15,1,4
BRDA:65,16,0,1
BRDA:65,16,1,3
BRDA:67,17,0,1
BRDA:67,17,1,2
BRDA:69,18,0,1
BRDA:69,18,1,7
BRDA:69,19,0,8
BRDA:69,19,1,7
BRDA:71,20,0,4
BRDA:71,20,1,3
BRDA:74,21,0,1
BRDA:74,21,1,7
BRDA:88,22,0,8
BRDA:88,22,1,4
BRDA:88,23,0,12
BRDA:88,23,1,8
BRDA:113,24,0,1
BRDA:113,24,1,2
BRDA:116,25,0,2
BRDA:116,25,1,6
BRDA:126,26,0,1
BRDA:126,26,1,6
BRDA:142,27,0,3
BRDA:142,27,1,51
BRF:56
BRH:53
end_of_record
